C51 COMPILER V9.60.0.0   MAIN                                                              03/21/2022 13:57:48 PAGE 1   


C51 COMPILER V9.60.0.0, COMPILATION OF MODULE MAIN
OBJECT MODULE PLACED IN .\Objects\Main.obj
COMPILER INVOKED BY: D:\Keil\C51\BIN\C51.EXE Main.c OPTIMIZE(8,SPEED) BROWSE DEBUG OBJECTEXTEND PRINT(.\Listings\Main.ls
                    -t) TABS(2) OBJECT(.\Objects\Main.obj)

line level    source

   1          #include <at89c5131.h>
   2          #include "lcd.h"        //Header file with LCD interfacing functions
   3          #include "MorseCode.h"  //Header file for Morse Code 
   4          
   5          sbit LED=P1^7;
   6          sbit s1=P1^0;
   7          sbit s2=P1^1;
   8          sbit s3=P1^2;
   9          sbit s4=P1^3;
  10          
  11          /*
  12          Port P0.7 is used for the audio signal output
  13          */  
  14          //Main function
  15          
  16          void main()
  17          { 
  18   1        P1 = 0x0F ;
  19   1        while(1) {
  20   2        if (s1==1) {  
  21   3          //Call initialization functions
  22   3          lcd_init();
  23   3          msdelay(1);
  24   3          lcd_cmd(0x86);
  25   3          msdelay(1);
  26   3          lcd_write_string("A");
  27   3          msdelay(1);
  28   3          morse_a();
  29   3        }
  30   2        else if (s2==1){
  31   3          lcd_init();
  32   3          msdelay(1);
  33   3          lcd_cmd(0x86);
  34   3          msdelay(1);
  35   3          lcd_write_string("B");
  36   3          msdelay(1);
  37   3          morse_b();
  38   3        }
  39   2        else if (s3==1){
  40   3          lcd_init();
  41   3          msdelay(1);
  42   3          lcd_cmd(0x86);
  43   3          msdelay(1);
  44   3          lcd_write_string("C");
  45   3          msdelay(1);
  46   3          morse_c();
  47   3        }
  48   2        else if (s4==1){
  49   3          lcd_init();
  50   3          msdelay(1);
  51   3          lcd_cmd(0x86);
  52   3          msdelay(1);
  53   3          lcd_write_string("D");
  54   3          msdelay(1);
C51 COMPILER V9.60.0.0   MAIN                                                              03/21/2022 13:57:48 PAGE 2   

  55   3          morse_d();
  56   3        }
  57   2        else{
  58   3          lcd_init();
  59   3          msdelay(1);
  60   3          lcd_cmd(0x86);
  61   3          msdelay(1);
  62   3          lcd_write_string("E");
  63   3          msdelay(1);
  64   3          morse_e();
  65   3        }
  66   2        
  67   2        // For stopping the input
  68   2        PCON |=1;
  69   2        
  70   2      }
  71   1        }
  72            // Read input nibble here
  73            
  74            
  75            
  76            // Insert Priority Logic
  77            // Inside each condition, call the functions from MorseCode.h. Fill functions in MorseCode.h
  78            // Write to LCD using function lcd_write_string() in side the condition as well
  79            
  80            
  81            // 
  82            
  83            
  84          


MODULE INFORMATION:   STATIC OVERLAYABLE
   CODE SIZE        =    453    ----
   CONSTANT SIZE    =     10    ----
   XDATA SIZE       =   ----    ----
   PDATA SIZE       =   ----    ----
   DATA SIZE        =   ----       3
   IDATA SIZE       =   ----    ----
   BIT SIZE         =   ----    ----
END OF MODULE INFORMATION.


C51 COMPILATION COMPLETE.  0 WARNING(S),  0 ERROR(S)
