C51 COMPILER V9.60.0.0   MAIN                                                              04/02/2022 17:26:41 PAGE 1   


C51 COMPILER V9.60.0.0, COMPILATION OF MODULE MAIN
OBJECT MODULE PLACED IN .\Objects\main.obj
COMPILER INVOKED BY: D:\Keil\C51\BIN\C51.EXE main.c OPTIMIZE(8,SPEED) BROWSE DEBUG OBJECTEXTEND PRINT(.\Listings\main.ls
                    -t) TABS(2) OBJECT(.\Objects\main.obj)

line level    source

   1          #include <at89c5131.h>
   2          #include "endsem.h"
   3          
   4          char S_str[6]= {0,0,0,0,0,0};   //String for Balance Sita
   5          char G_str[6] = {0,0,0,0,0,0};  //String for Balance Gita
   6          char n500_s[3]= {0,0,0};    // STRING FOR 500RS NOTE
   7          char n100_s[3]= {0,0,0};    // STRING FOR 100RS NOTE
   8          
   9          char password[5] = {0,0,0,0,0} ;   //PASSWORD ARRAY
  10          //Main function
  11          
  12          //-------------------------------------------------
  13          void main(void)
  14          {
  15   1        uart_init();            // Please finish this function in endsem.h 
  16   1        transmit_string("Press A for Account display and W for withdrawing cash\r\n");
  17   1        while (1)
  18   1          {
  19   2              /* code */
  20   2              // YOUR CODE GOES HERE
  21   2              ch = recieve_char();
*** ERROR C202 IN LINE 21 OF main.c: 'ch': undefined identifier
  22   2              
  23   2              switch(ch)
*** ERROR C202 IN LINE 23 OF main.c: 'ch': undefined identifier
  24   2              {
  25   3                case 'A' or 'a':transmit_string("Hello, Please enter Account Number\r\n");
*** ERROR C141 IN LINE 25 OF main.c: syntax error near 'or', expected ':'
*** ERROR C202 IN LINE 25 OF main.c: 'or': undefined identifier
*** ERROR C141 IN LINE 25 OF main.c: syntax error near ':', expected ';'
  26   3                            case '1': transmit_string("Account Holder: Sita\r\nAccount Balance: ");
  27   3                                      transmit_char("S_str");
  28   3                                      transmit_string("/r/n");
  29   3                            case '1': transmit_string("Account Holder: Gita\r\nAccount Balance: ");
  30   3                                      transmit_char("G_str");
  31   3                                      transmit_string("/r/n");
  32   3        
  33   3                            default:transmit_string("No such account, please enter valid details\r\n);
*** ERROR C103 IN LINE 33 OF main.c: '<string>': unclosed string
*** ERROR C305 IN LINE 33 OF main.c: unterminated string/char const
  34   3                                      break;
*** ERROR C141 IN LINE 34 OF main.c: syntax error near 'break', expected ','
  35   3                case 'W' or 'w':transmit_string("Withdraw state, enter account number\r\n");
*** ERROR C141 IN LINE 35 OF main.c: syntax error near 'or', expected ':'
*** ERROR C202 IN LINE 35 OF main.c: 'or': undefined identifier
*** ERROR C141 IN LINE 35 OF main.c: syntax error near ':', expected ';'
  36   3                            case '1': transmit_string("Account Holder: Sita\r\n");
  37   3                                      transmit_string("Account Balance: S_str\r\n");
  38   3                                      transmit_string("Enter Amount, in hundreds\r\n");
  39   3                                      
  40   3                            case '2': transmit_string("Account Holder: Gita\r\n");
  41   3                                      transmit_string("Account Balance: G_str\r\n");
  42   3                                      break;
  43   3                            
C51 COMPILER V9.60.0.0   MAIN                                                              04/02/2022 17:26:41 PAGE 2   

  44   3                            default:transmit_string("No such account, please enter valid details\r\n);
*** ERROR C176 IN LINE 44 OF main.c: more than one 'default'
*** ERROR C103 IN LINE 44 OF main.c: '<string>': unclosed string
*** ERROR C305 IN LINE 44 OF main.c: unterminated string/char const
  45   3                                      break;
*** ERROR C141 IN LINE 45 OF main.c: syntax error near 'break', expected ','
  46   3          }
  47   2      }
  48   1      
  49   1      
*** ERROR C141 IN LINE 49 OF main.c: syntax error near '', expected '__asm'

C51 COMPILATION COMPLETE.  0 WARNING(S),  16 ERROR(S)
