A51 MACRO ASSEMBLER  MAIN                                                                 01/23/2022 03:45:07 PAGE     1


MACRO ASSEMBLER A51 V8.2.7.0
OBJECT MODULE PLACED IN .\Objects\main.obj
ASSEMBLER INVOKED BY: D:\Keil\C51\BIN\A51.EXE main.a51 SET(SMALL) DEBUG PRINT(.\Listings\main.lst) OBJECT(.\Objects\main
                      .obj) EP

LOC  OBJ            LINE     SOURCE

                       1     
0000                   2     ORG 0H
0000 020100            3     LJMP MAIN
0100                   4     ORG 100H
0100                   5     MAIN:
0100 3130              6     CALL ADD16
0102 80FE              7     HERE: SJMP HERE
0130                   8     ORG 130H
                       9     
0130                  10     ADD16:
                      11     
0130 7570EF           12     MOV 70H, #0EFH
0133 7571EF           13     MOV 71H, #0EFH
0136 7572EF           14     MOV 72H, #0EFH
0139 7573EF           15     MOV 73H, #0EFH
013C E571             16     MOV A, 71H
013E 8573F0           17     MOV B, 73H
0141 25F0             18     ADD A, B
0143 F576             19     MOV 76H, A
0145 E570             20     MOV A, 70H
0147 8572F0           21     MOV B, 72H
014A 35F0             22     ADDC A, B
014C F575             23     MOV 75H, A
014E 7400             24     MOV A, #0H
0150 3400             25     ADDC A, #0H
0152 F574             26     MOV 74H, A
                      27     
0154 22               28     RET
                      29     END
A51 MACRO ASSEMBLER  MAIN                                                                 01/23/2022 03:45:07 PAGE     2

SYMBOL TABLE LISTING
------ ----- -------


N A M E             T Y P E  V A L U E   ATTRIBUTES

ADD16. . . . . . .  C ADDR   0130H   A   
B. . . . . . . . .  D ADDR   00F0H   A   
HERE . . . . . . .  C ADDR   0102H   A   
MAIN . . . . . . .  C ADDR   0100H   A   


REGISTER BANK(S) USED: 0 


ASSEMBLY COMPLETE.  0 WARNING(S), 0 ERROR(S)
